2024-05-26 21:48:21 - Starting BackendApplication using Java 21.0.2 with PID 4108 (C:\Users\johankir\OneDrive - Tartu Ülikool\Dokumendid\semester_4\tehisintellekt\Flashcard_generator\backend\target\classes started by johankir in C:\Users\johankir\OneDrive - Tartu Ülikool\Dokumendid\semester_4\tehisintellekt\Flashcard_generator\backend)
2024-05-26 21:48:21 - No active profile set, falling back to 1 default profile: "default"
2024-05-26 21:48:21 - Tomcat initialized with port 8080 (http)
2024-05-26 21:48:21 - Initializing ProtocolHandler ["http-nio-8080"]
2024-05-26 21:48:21 - Starting service [Tomcat]
2024-05-26 21:48:21 - Starting Servlet engine: [Apache Tomcat/10.1.20]
2024-05-26 21:48:21 - Initializing Spring embedded WebApplicationContext
2024-05-26 21:48:21 - Root WebApplicationContext: initialization completed in 653 ms
2024-05-26 21:48:22 - Starting ProtocolHandler ["http-nio-8080"]
2024-05-26 21:48:22 - Tomcat started on port 8080 (http) with context path ''
2024-05-26 21:48:22 - Started BackendApplication in 1.423 seconds (process running for 1.957)
2024-05-26 21:48:47 - Starting BackendApplicationTests using Java 21.0.2 with PID 17976 (started by johankir in C:\Users\johankir\OneDrive - Tartu Ülikool\Dokumendid\semester_4\tehisintellekt\Flashcard_generator\backend)
2024-05-26 21:48:47 - No active profile set, falling back to 1 default profile: "default"
2024-05-26 21:48:48 - Started BackendApplicationTests in 1.505 seconds (process running for 2.356)
2024-05-26 23:09:54 - Starting BackendApplicationTests using Java 21.0.2 with PID 8004 (started by johankir in C:\Users\johankir\OneDrive - Tartu Ülikool\Dokumendid\semester_4\tehisintellekt\Flashcard_generator\backend)
2024-05-26 23:09:54 - No active profile set, falling back to 1 default profile: "default"
2024-05-26 23:09:58 - Started BackendApplicationTests in 5.138 seconds (process running for 6.904)
2024-05-26 23:52:07 - Starting BackendApplication using Java 21.0.2 with PID 1900 (C:\Users\johankir\OneDrive - Tartu Ülikool\Dokumendid\semester_4\tehisintellekt\Flashcard_generator\backend\target\classes started by johankir in C:\Users\johankir\OneDrive - Tartu Ülikool\Dokumendid\semester_4\tehisintellekt\Flashcard_generator\backend)
2024-05-26 23:52:07 - No active profile set, falling back to 1 default profile: "default"
2024-05-26 23:52:07 - Tomcat initialized with port 8080 (http)
2024-05-26 23:52:07 - Initializing ProtocolHandler ["http-nio-8080"]
2024-05-26 23:52:07 - Starting service [Tomcat]
2024-05-26 23:52:07 - Starting Servlet engine: [Apache Tomcat/10.1.20]
2024-05-26 23:52:07 - Initializing Spring embedded WebApplicationContext
2024-05-26 23:52:07 - Root WebApplicationContext: initialization completed in 768 ms
2024-05-26 23:52:08 - Starting ProtocolHandler ["http-nio-8080"]
2024-05-26 23:52:08 - Tomcat started on port 8080 (http) with context path ''
2024-05-26 23:52:08 - Started BackendApplication in 1.579 seconds (process running for 2.242)
2024-05-26 23:52:31 - Starting BackendApplicationTests using Java 21.0.2 with PID 8732 (started by johankir in C:\Users\johankir\OneDrive - Tartu Ülikool\Dokumendid\semester_4\tehisintellekt\Flashcard_generator\backend)
2024-05-26 23:52:31 - No active profile set, falling back to 1 default profile: "default"
2024-05-26 23:52:33 - Started BackendApplicationTests in 2.591 seconds (process running for 4.559)
